<?xml version="1.0" encoding="UTF-8"?>
<coverage generated="1693229210060" clover="3.2.0">
  <project timestamp="1693229210060" name="All files">
    <metrics statements="8" coveredstatements="8" conditionals="6" coveredconditionals="5" methods="4" coveredmethods="4" elements="18" coveredelements="17" complexity="0" loc="8" ncloc="8" packages="1" files="1" classes="1"/>
    <file name="Selector.tsx" path="/home/ghost/Coding/StrengthJournal2/components/atoms/selector/Selector.tsx">
      <metrics statements="8" coveredstatements="8" conditionals="6" coveredconditionals="5" methods="4" coveredmethods="4"/>
      <line num="13" count="1" type="stmt"/>
      <line num="14" count="6" type="stmt"/>
      <line num="16" count="6" type="stmt"/>
      <line num="17" count="3" type="cond" truecount="1" falsecount="1"/>
      <line num="18" count="3" type="stmt"/>
      <line num="21" count="6" type="stmt"/>
      <line num="30" count="18" type="stmt"/>
      <line num="32" count="3" type="stmt"/>
    </file>
  </project>
</coverage>
