{"/home/ghost/Coding/StrengthJournal2/App.tsx": {"path":"/home/ghost/Coding/StrengthJournal2/App.tsx","statementMap":{"0":{"start":{"line":10,"column":30},"end":{"line":10,"column":58}},"1":{"start":{"line":12,"column":12},"end":{"line":37,"column":1}},"2":{"start":{"line":13,"column":2},"end":{"line":36,"column":3}}},"fnMap":{"0":{"name":"(anonymous_0)","decl":{"start":{"line":12,"column":12},"end":{"line":12,"column":13}},"loc":{"start":{"line":12,"column":31},"end":{"line":37,"column":1}},"line":12}},"branchMap":{},"s":{"0":1,"1":1,"2":1},"f":{"0":1},"b":{},"_coverageSchema":"1a1c01bbd47fc00a2c39e90264f33305004495a9","hash":"919475b01c4626d23e907a3d987daa8f46495a8d"}
,"/home/ghost/Coding/StrengthJournal2/assets/constants/colors.ts": {"path":"/home/ghost/Coding/StrengthJournal2/assets/constants/colors.ts","statementMap":{"0":{"start":{"line":1,"column":23},"end":{"line":1,"column":32}},"1":{"start":{"line":2,"column":24},"end":{"line":2,"column":33}},"2":{"start":{"line":3,"column":25},"end":{"line":3,"column":34}},"3":{"start":{"line":4,"column":23},"end":{"line":4,"column":32}},"4":{"start":{"line":5,"column":23},"end":{"line":5,"column":32}},"5":{"start":{"line":6,"column":23},"end":{"line":6,"column":32}},"6":{"start":{"line":7,"column":23},"end":{"line":7,"column":32}}},"fnMap":{},"branchMap":{},"s":{"0":7,"1":7,"2":7,"3":7,"4":7,"5":7,"6":7},"f":{},"b":{},"_coverageSchema":"1a1c01bbd47fc00a2c39e90264f33305004495a9","hash":"c6d32803864c75215d5a397c32be15770b96228f"}
,"/home/ghost/Coding/StrengthJournal2/components/atoms/index.ts": {"path":"/home/ghost/Coding/StrengthJournal2/components/atoms/index.ts","statementMap":{},"fnMap":{},"branchMap":{},"s":{},"f":{},"b":{},"_coverageSchema":"1a1c01bbd47fc00a2c39e90264f33305004495a9","hash":"01de21e254db947630d1d32c8d78128ee91cf428"}
,"/home/ghost/Coding/StrengthJournal2/components/atoms/nav-icon/NavIcon.tsx": {"path":"/home/ghost/Coding/StrengthJournal2/components/atoms/nav-icon/NavIcon.tsx","statementMap":{"0":{"start":{"line":14,"column":16},"end":{"line":42,"column":1}},"1":{"start":{"line":22,"column":24},"end":{"line":22,"column":79}},"2":{"start":{"line":23,"column":2},"end":{"line":41,"column":3}},"3":{"start":{"line":44,"column":15},"end":{"line":48,"column":2}}},"fnMap":{"0":{"name":"(anonymous_0)","decl":{"start":{"line":14,"column":16},"end":{"line":14,"column":17}},"loc":{"start":{"line":21,"column":29},"end":{"line":42,"column":1}},"line":21}},"branchMap":{"0":{"loc":{"start":{"line":22,"column":24},"end":{"line":22,"column":79}},"type":"cond-expr","locations":[{"start":{"line":22,"column":53},"end":{"line":22,"column":64}},{"start":{"line":22,"column":67},"end":{"line":22,"column":79}}],"line":22},"1":{"loc":{"start":{"line":33,"column":17},"end":{"line":33,"column":43}},"type":"cond-expr","locations":[{"start":{"line":33,"column":26},"end":{"line":33,"column":33}},{"start":{"line":33,"column":36},"end":{"line":33,"column":43}}],"line":33},"2":{"loc":{"start":{"line":36,"column":30},"end":{"line":36,"column":56}},"type":"cond-expr","locations":[{"start":{"line":36,"column":39},"end":{"line":36,"column":46}},{"start":{"line":36,"column":49},"end":{"line":36,"column":56}}],"line":36}},"s":{"0":3,"1":15,"2":15,"3":3},"f":{"0":15},"b":{"0":[11,4],"1":[6,9],"2":[6,9]},"_coverageSchema":"1a1c01bbd47fc00a2c39e90264f33305004495a9","hash":"aae5a4ab1fd147483505792bbfd5e4914d73ce13"}
,"/home/ghost/Coding/StrengthJournal2/components/atoms/select/Select.tsx": {"path":"/home/ghost/Coding/StrengthJournal2/components/atoms/select/Select.tsx","statementMap":{"0":{"start":{"line":22,"column":15},"end":{"line":48,"column":1}},"1":{"start":{"line":23,"column":28},"end":{"line":23,"column":57}},"2":{"start":{"line":25,"column":20},"end":{"line":25,"column":55}},"3":{"start":{"line":26,"column":22},"end":{"line":26,"column":58}},"4":{"start":{"line":27,"column":26},"end":{"line":27,"column":62}},"5":{"start":{"line":29,"column":2},"end":{"line":47,"column":3}},"6":{"start":{"line":44,"column":8},"end":{"line":44,"column":28}},"7":{"start":{"line":50,"column":15},"end":{"line":64,"column":2}}},"fnMap":{"0":{"name":"(anonymous_0)","decl":{"start":{"line":22,"column":15},"end":{"line":22,"column":16}},"loc":{"start":{"line":22,"column":51},"end":{"line":48,"column":1}},"line":22},"1":{"name":"(anonymous_1)","decl":{"start":{"line":43,"column":16},"end":{"line":43,"column":17}},"loc":{"start":{"line":43,"column":26},"end":{"line":45,"column":7}},"line":43}},"branchMap":{"0":{"loc":{"start":{"line":25,"column":20},"end":{"line":25,"column":55}},"type":"cond-expr","locations":[{"start":{"line":25,"column":37},"end":{"line":25,"column":44}},{"start":{"line":25,"column":47},"end":{"line":25,"column":55}}],"line":25},"1":{"loc":{"start":{"line":26,"column":22},"end":{"line":26,"column":58}},"type":"cond-expr","locations":[{"start":{"line":26,"column":39},"end":{"line":26,"column":46}},{"start":{"line":26,"column":49},"end":{"line":26,"column":58}}],"line":26},"2":{"loc":{"start":{"line":27,"column":26},"end":{"line":27,"column":62}},"type":"cond-expr","locations":[{"start":{"line":27,"column":43},"end":{"line":27,"column":50}},{"start":{"line":27,"column":53},"end":{"line":27,"column":62}}],"line":27}},"s":{"0":3,"1":5,"2":5,"3":5,"4":5,"5":5,"6":1,"7":3},"f":{"0":5,"1":1},"b":{"0":[4,1],"1":[4,1],"2":[4,1]},"_coverageSchema":"1a1c01bbd47fc00a2c39e90264f33305004495a9","hash":"96533b2218ec08027c407f6af692814dea318785"}
,"/home/ghost/Coding/StrengthJournal2/components/atoms/selector/Selector.tsx": {"path":"/home/ghost/Coding/StrengthJournal2/components/atoms/selector/Selector.tsx","statementMap":{"0":{"start":{"line":13,"column":17},"end":{"line":51,"column":1}},"1":{"start":{"line":14,"column":34},"end":{"line":14,"column":60}},"2":{"start":{"line":16,"column":28},"end":{"line":19,"column":3}},"3":{"start":{"line":17,"column":4},"end":{"line":17,"column":63}},"4":{"start":{"line":18,"column":4},"end":{"line":18,"column":19}},"5":{"start":{"line":21,"column":2},"end":{"line":50,"column":3}},"6":{"start":{"line":30,"column":8},"end":{"line":47,"column":27}},"7":{"start":{"line":32,"column":25},"end":{"line":32,"column":49}}},"fnMap":{"0":{"name":"(anonymous_0)","decl":{"start":{"line":13,"column":17},"end":{"line":13,"column":18}},"loc":{"start":{"line":13,"column":78},"end":{"line":51,"column":1}},"line":13},"1":{"name":"(anonymous_1)","decl":{"start":{"line":16,"column":28},"end":{"line":16,"column":29}},"loc":{"start":{"line":16,"column":47},"end":{"line":19,"column":3}},"line":16},"2":{"name":"(anonymous_2)","decl":{"start":{"line":29,"column":40},"end":{"line":29,"column":41}},"loc":{"start":{"line":30,"column":8},"end":{"line":47,"column":27}},"line":30},"3":{"name":"(anonymous_3)","decl":{"start":{"line":32,"column":19},"end":{"line":32,"column":20}},"loc":{"start":{"line":32,"column":25},"end":{"line":32,"column":49}},"line":32}},"branchMap":{"0":{"loc":{"start":{"line":17,"column":4},"end":{"line":17,"column":63}},"type":"cond-expr","locations":[{"start":{"line":17,"column":25},"end":{"line":17,"column":42}},{"start":{"line":17,"column":45},"end":{"line":17,"column":63}}],"line":17},"1":{"loc":{"start":{"line":37,"column":18},"end":{"line":37,"column":63}},"type":"cond-expr","locations":[{"start":{"line":37,"column":39},"end":{"line":37,"column":47}},{"start":{"line":37,"column":50},"end":{"line":37,"column":63}}],"line":37},"2":{"loc":{"start":{"line":42,"column":14},"end":{"line":44,"column":46}},"type":"cond-expr","locations":[{"start":{"line":43,"column":18},"end":{"line":43,"column":44}},{"start":{"line":44,"column":18},"end":{"line":44,"column":46}}],"line":42}},"s":{"0":3,"1":8,"2":8,"3":3,"4":3,"5":8,"6":22,"7":3},"f":{"0":8,"1":3,"2":22,"3":3},"b":{"0":[0,3],"1":[8,14],"2":[8,14]},"_coverageSchema":"1a1c01bbd47fc00a2c39e90264f33305004495a9","hash":"a58626357eb848382385cc8ff31f19b55f9076de"}
,"/home/ghost/Coding/StrengthJournal2/components/atoms/title/Title.tsx": {"path":"/home/ghost/Coding/StrengthJournal2/components/atoms/title/Title.tsx","statementMap":{"0":{"start":{"line":10,"column":14},"end":{"line":13,"column":1}},"1":{"start":{"line":11,"column":21},"end":{"line":11,"column":58}},"2":{"start":{"line":12,"column":2},"end":{"line":12,"column":66}},"3":{"start":{"line":15,"column":15},"end":{"line":29,"column":2}}},"fnMap":{"0":{"name":"(anonymous_0)","decl":{"start":{"line":10,"column":14},"end":{"line":10,"column":15}},"loc":{"start":{"line":10,"column":45},"end":{"line":13,"column":1}},"line":10}},"branchMap":{"0":{"loc":{"start":{"line":11,"column":21},"end":{"line":11,"column":58}},"type":"cond-expr","locations":[{"start":{"line":11,"column":37},"end":{"line":11,"column":46}},{"start":{"line":11,"column":49},"end":{"line":11,"column":58}}],"line":11}},"s":{"0":3,"1":7,"2":7,"3":3},"f":{"0":7},"b":{"0":[4,3]},"_coverageSchema":"1a1c01bbd47fc00a2c39e90264f33305004495a9","hash":"ff87f78698e9269adf3268fe2b7f72692bc0dcbf"}
,"/home/ghost/Coding/StrengthJournal2/components/atoms/view-area/ViewArea.tsx": {"path":"/home/ghost/Coding/StrengthJournal2/components/atoms/view-area/ViewArea.tsx","statementMap":{"0":{"start":{"line":9,"column":17},"end":{"line":11,"column":1}},"1":{"start":{"line":10,"column":2},"end":{"line":10,"column":57}},"2":{"start":{"line":13,"column":15},"end":{"line":21,"column":2}}},"fnMap":{"0":{"name":"(anonymous_0)","decl":{"start":{"line":9,"column":17},"end":{"line":9,"column":18}},"loc":{"start":{"line":9,"column":46},"end":{"line":11,"column":1}},"line":9}},"branchMap":{},"s":{"0":3,"1":3,"2":3},"f":{"0":3},"b":{},"_coverageSchema":"1a1c01bbd47fc00a2c39e90264f33305004495a9","hash":"57b2e88388490ba286a6b181208a630139b3ee7e"}
,"/home/ghost/Coding/StrengthJournal2/components/organisms/index.ts": {"path":"/home/ghost/Coding/StrengthJournal2/components/organisms/index.ts","statementMap":{},"fnMap":{},"branchMap":{},"s":{},"f":{},"b":{},"_coverageSchema":"1a1c01bbd47fc00a2c39e90264f33305004495a9","hash":"7cdeaea510860ca4bb185498ad2bffefcdf9afa5"}
,"/home/ghost/Coding/StrengthJournal2/components/organisms/screen-nav/ScreenNav.tsx": {"path":"/home/ghost/Coding/StrengthJournal2/components/organisms/screen-nav/ScreenNav.tsx","statementMap":{"0":{"start":{"line":7,"column":18},"end":{"line":57,"column":1}},"1":{"start":{"line":8,"column":22},"end":{"line":8,"column":44}},"2":{"start":{"line":9,"column":23},"end":{"line":9,"column":46}},"3":{"start":{"line":11,"column":40},"end":{"line":11,"column":51}},"4":{"start":{"line":12,"column":21},"end":{"line":12,"column":36}},"5":{"start":{"line":14,"column":26},"end":{"line":19,"column":3}},"6":{"start":{"line":15,"column":4},"end":{"line":15,"column":25}},"7":{"start":{"line":18,"column":4},"end":{"line":18,"column":29}},"8":{"start":{"line":21,"column":16},"end":{"line":40,"column":3}},"9":{"start":{"line":42,"column":2},"end":{"line":56,"column":3}},"10":{"start":{"line":45,"column":8},"end":{"line":53,"column":10}},"11":{"start":{"line":51,"column":29},"end":{"line":51,"column":62}},"12":{"start":{"line":59,"column":15},"end":{"line":71,"column":2}}},"fnMap":{"0":{"name":"(anonymous_0)","decl":{"start":{"line":7,"column":18},"end":{"line":7,"column":19}},"loc":{"start":{"line":7,"column":37},"end":{"line":57,"column":1}},"line":7},"1":{"name":"(anonymous_1)","decl":{"start":{"line":14,"column":26},"end":{"line":14,"column":27}},"loc":{"start":{"line":14,"column":65},"end":{"line":19,"column":3}},"line":14},"2":{"name":"(anonymous_2)","decl":{"start":{"line":44,"column":17},"end":{"line":44,"column":18}},"loc":{"start":{"line":45,"column":8},"end":{"line":53,"column":10}},"line":45},"3":{"name":"(anonymous_3)","decl":{"start":{"line":51,"column":23},"end":{"line":51,"column":24}},"loc":{"start":{"line":51,"column":29},"end":{"line":51,"column":62}},"line":51}},"branchMap":{},"s":{"0":2,"1":4,"2":4,"3":4,"4":4,"5":4,"6":2,"7":2,"8":4,"9":4,"10":12,"11":2,"12":2},"f":{"0":4,"1":2,"2":12,"3":2},"b":{},"_coverageSchema":"1a1c01bbd47fc00a2c39e90264f33305004495a9","hash":"73a0f16a3203572a337cdb3dd4c4f0ea647f3328"}
,"/home/ghost/Coding/StrengthJournal2/components/screens/progress-screen/ProgressScreen.tsx": {"path":"/home/ghost/Coding/StrengthJournal2/components/screens/progress-screen/ProgressScreen.tsx","statementMap":{"0":{"start":{"line":9,"column":13},"end":{"line":30,"column":1}},"1":{"start":{"line":33,"column":15},"end":{"line":37,"column":1}},"2":{"start":{"line":34,"column":2},"end":{"line":36,"column":9}},"3":{"start":{"line":39,"column":15},"end":{"line":43,"column":1}},"4":{"start":{"line":40,"column":2},"end":{"line":42,"column":9}},"5":{"start":{"line":45,"column":24},"end":{"line":45,"column":40}},"6":{"start":{"line":47,"column":23},"end":{"line":76,"column":1}},"7":{"start":{"line":48,"column":54},"end":{"line":48,"column":73}},"8":{"start":{"line":50,"column":28},"end":{"line":52,"column":3}},"9":{"start":{"line":51,"column":4},"end":{"line":51,"column":32}},"10":{"start":{"line":54,"column":2},"end":{"line":75,"column":3}}},"fnMap":{"0":{"name":"(anonymous_0)","decl":{"start":{"line":33,"column":15},"end":{"line":33,"column":16}},"loc":{"start":{"line":34,"column":2},"end":{"line":36,"column":9}},"line":34},"1":{"name":"(anonymous_1)","decl":{"start":{"line":39,"column":15},"end":{"line":39,"column":16}},"loc":{"start":{"line":40,"column":2},"end":{"line":42,"column":9}},"line":40},"2":{"name":"(anonymous_2)","decl":{"start":{"line":47,"column":23},"end":{"line":47,"column":24}},"loc":{"start":{"line":47,"column":42},"end":{"line":76,"column":1}},"line":47},"3":{"name":"(anonymous_3)","decl":{"start":{"line":50,"column":28},"end":{"line":50,"column":29}},"loc":{"start":{"line":50,"column":47},"end":{"line":52,"column":3}},"line":50}},"branchMap":{},"s":{"0":2,"1":2,"2":2,"3":2,"4":0,"5":2,"6":2,"7":2,"8":2,"9":0,"10":2},"f":{"0":2,"1":0,"2":2,"3":0},"b":{},"_coverageSchema":"1a1c01bbd47fc00a2c39e90264f33305004495a9","hash":"dccb35d210ca7abadb64c8571edc17c3c2887b90"}
,"/home/ghost/Coding/StrengthJournal2/components/screens/settings-screen/SettingsScreen.tsx": {"path":"/home/ghost/Coding/StrengthJournal2/components/screens/settings-screen/SettingsScreen.tsx","statementMap":{"0":{"start":{"line":4,"column":23},"end":{"line":6,"column":1}},"1":{"start":{"line":5,"column":2},"end":{"line":5,"column":30}}},"fnMap":{"0":{"name":"(anonymous_0)","decl":{"start":{"line":4,"column":23},"end":{"line":4,"column":24}},"loc":{"start":{"line":4,"column":29},"end":{"line":6,"column":1}},"line":4}},"branchMap":{},"s":{"0":2,"1":0},"f":{"0":0},"b":{},"_coverageSchema":"1a1c01bbd47fc00a2c39e90264f33305004495a9","hash":"dd52eab92a503e28e0df9008b8e15a4dce5c1de1"}
,"/home/ghost/Coding/StrengthJournal2/components/screens/workout-screen/WorkoutScreen.tsx": {"path":"/home/ghost/Coding/StrengthJournal2/components/screens/workout-screen/WorkoutScreen.tsx","statementMap":{"0":{"start":{"line":4,"column":22},"end":{"line":6,"column":1}},"1":{"start":{"line":5,"column":2},"end":{"line":5,"column":36}}},"fnMap":{"0":{"name":"(anonymous_0)","decl":{"start":{"line":4,"column":22},"end":{"line":4,"column":23}},"loc":{"start":{"line":4,"column":28},"end":{"line":6,"column":1}},"line":4}},"branchMap":{},"s":{"0":2,"1":0},"f":{"0":0},"b":{},"_coverageSchema":"1a1c01bbd47fc00a2c39e90264f33305004495a9","hash":"87ab0e4802d75018dee101c4229cd18028cdcc5d"}
,"/home/ghost/Coding/StrengthJournal2/components/templates/index.ts": {"path":"/home/ghost/Coding/StrengthJournal2/components/templates/index.ts","statementMap":{},"fnMap":{},"branchMap":{},"s":{},"f":{},"b":{},"_coverageSchema":"1a1c01bbd47fc00a2c39e90264f33305004495a9","hash":"687d9ded85f23455e3b2934d902772a1dbc9ef9f"}
,"/home/ghost/Coding/StrengthJournal2/components/templates/content/Content.tsx": {"path":"/home/ghost/Coding/StrengthJournal2/components/templates/content/Content.tsx","statementMap":{"0":{"start":{"line":9,"column":16},"end":{"line":15,"column":1}},"1":{"start":{"line":10,"column":2},"end":{"line":14,"column":3}},"2":{"start":{"line":17,"column":15},"end":{"line":24,"column":2}}},"fnMap":{"0":{"name":"(anonymous_0)","decl":{"start":{"line":9,"column":16},"end":{"line":9,"column":17}},"loc":{"start":{"line":9,"column":57},"end":{"line":15,"column":1}},"line":9}},"branchMap":{},"s":{"0":3,"1":4,"2":3},"f":{"0":4},"b":{},"_coverageSchema":"1a1c01bbd47fc00a2c39e90264f33305004495a9","hash":"31d37044829f5112b5d90102f9aa30c0f532939c"}
,"/home/ghost/Coding/StrengthJournal2/components/templates/header/Header.tsx": {"path":"/home/ghost/Coding/StrengthJournal2/components/templates/header/Header.tsx","statementMap":{"0":{"start":{"line":7,"column":15},"end":{"line":9,"column":1}},"1":{"start":{"line":8,"column":2},"end":{"line":8,"column":57}},"2":{"start":{"line":11,"column":15},"end":{"line":19,"column":2}}},"fnMap":{"0":{"name":"(anonymous_0)","decl":{"start":{"line":7,"column":15},"end":{"line":7,"column":16}},"loc":{"start":{"line":7,"column":55},"end":{"line":9,"column":1}},"line":7}},"branchMap":{},"s":{"0":2,"1":0,"2":2},"f":{"0":0},"b":{},"_coverageSchema":"1a1c01bbd47fc00a2c39e90264f33305004495a9","hash":"4f80be050f88d60ee03b9d82afef9f92eee4d71a"}
}
