{"/home/ghost/Coding/StrengthJournal2/components/atoms/nav-icon3/NavIcon.tsx": {"path":"/home/ghost/Coding/StrengthJournal2/components/atoms/nav-icon3/NavIcon.tsx","statementMap":{"0":{"start":{"line":13,"column":16},"end":{"line":38,"column":1}},"1":{"start":{"line":20,"column":24},"end":{"line":20,"column":79}},"2":{"start":{"line":21,"column":2},"end":{"line":37,"column":3}},"3":{"start":{"line":40,"column":15},"end":{"line":44,"column":2}}},"fnMap":{"0":{"name":"(anonymous_0)","decl":{"start":{"line":13,"column":16},"end":{"line":13,"column":17}},"loc":{"start":{"line":19,"column":29},"end":{"line":38,"column":1}},"line":19}},"branchMap":{"0":{"loc":{"start":{"line":20,"column":24},"end":{"line":20,"column":79}},"type":"cond-expr","locations":[{"start":{"line":20,"column":53},"end":{"line":20,"column":64}},{"start":{"line":20,"column":67},"end":{"line":20,"column":79}}],"line":20},"1":{"loc":{"start":{"line":31,"column":17},"end":{"line":31,"column":43}},"type":"cond-expr","locations":[{"start":{"line":31,"column":26},"end":{"line":31,"column":33}},{"start":{"line":31,"column":36},"end":{"line":31,"column":43}}],"line":31},"2":{"loc":{"start":{"line":34,"column":30},"end":{"line":34,"column":56}},"type":"cond-expr","locations":[{"start":{"line":34,"column":39},"end":{"line":34,"column":46}},{"start":{"line":34,"column":49},"end":{"line":34,"column":56}}],"line":34}},"s":{"0":1,"1":3,"2":3,"3":1},"f":{"0":3},"b":{"0":[3,0],"1":[2,1],"2":[2,1]},"_coverageSchema":"1a1c01bbd47fc00a2c39e90264f33305004495a9","hash":"a1f85273200c5f53a222629ef3eb24f583140dcd"}
}
