TN:
SF:App.tsx
FN:14,(anonymous_0)
FN:16,(anonymous_1)
FNF:2
FNH:2
FNDA:1,(anonymous_0)
FNDA:1,(anonymous_1)
DA:12,1
DA:14,1
DA:16,1
DA:17,1
DA:20,1
LF:5
LH:5
BRF:0
BRH:0
end_of_record
TN:
SF:assets/constants/colors.ts
FNF:0
FNH:0
DA:1,7
DA:2,7
DA:3,7
DA:4,7
DA:5,7
DA:6,7
DA:7,7
LF:7
LH:7
BRF:0
BRH:0
end_of_record
TN:
SF:components/atoms/index.ts
FNF:0
FNH:0
LF:0
LH:0
BRF:0
BRH:0
end_of_record
TN:
SF:components/atoms/nav-icon/NavIcon.tsx
FN:14,(anonymous_0)
FNF:1
FNH:1
FNDA:15,(anonymous_0)
DA:14,3
DA:22,15
DA:23,15
DA:44,3
LF:4
LH:4
BRDA:22,0,0,11
BRDA:22,0,1,4
BRDA:33,1,0,6
BRDA:33,1,1,9
BRDA:36,2,0,6
BRDA:36,2,1,9
BRF:6
BRH:6
end_of_record
TN:
SF:components/atoms/select/Select.tsx
FN:18,(anonymous_0)
FN:39,(anonymous_1)
FNF:2
FNH:2
FNDA:4,(anonymous_0)
FNDA:1,(anonymous_1)
DA:18,3
DA:19,4
DA:21,4
DA:22,4
DA:23,4
DA:25,4
DA:40,1
DA:46,3
LF:8
LH:8
BRDA:21,0,0,3
BRDA:21,0,1,1
BRDA:22,1,0,3
BRDA:22,1,1,1
BRDA:23,2,0,3
BRDA:23,2,1,1
BRF:6
BRH:6
end_of_record
TN:
SF:components/atoms/selector/Selector.tsx
FN:13,(anonymous_0)
FN:16,(anonymous_1)
FN:29,(anonymous_2)
FN:32,(anonymous_3)
FNF:4
FNH:4
FNDA:7,(anonymous_0)
FNDA:3,(anonymous_1)
FNDA:20,(anonymous_2)
FNDA:3,(anonymous_3)
DA:13,3
DA:14,7
DA:16,7
DA:17,3
DA:18,3
DA:21,7
DA:30,20
DA:32,3
LF:8
LH:8
BRDA:17,0,0,0
BRDA:17,0,1,3
BRDA:37,1,0,7
BRDA:37,1,1,13
BRDA:42,2,0,7
BRDA:42,2,1,13
BRF:6
BRH:5
end_of_record
TN:
SF:components/atoms/title/Title.tsx
FN:10,(anonymous_0)
FNF:1
FNH:1
FNDA:5,(anonymous_0)
DA:10,3
DA:11,5
DA:12,5
DA:15,3
LF:4
LH:4
BRDA:11,0,0,3
BRDA:11,0,1,2
BRF:2
BRH:2
end_of_record
TN:
SF:components/atoms/view-area/ViewArea.tsx
FN:9,(anonymous_0)
FNF:1
FNH:1
FNDA:2,(anonymous_0)
DA:9,2
DA:10,2
DA:13,2
LF:3
LH:3
BRF:0
BRH:0
end_of_record
TN:
SF:components/organisms/index.ts
FNF:0
FNH:0
LF:0
LH:0
BRF:0
BRH:0
end_of_record
TN:
SF:components/organisms/screen-nav/ScreenNav.tsx
FN:7,(anonymous_0)
FN:14,(anonymous_1)
FN:44,(anonymous_2)
FN:51,(anonymous_3)
FNF:4
FNH:4
FNDA:4,(anonymous_0)
FNDA:2,(anonymous_1)
FNDA:12,(anonymous_2)
FNDA:2,(anonymous_3)
DA:7,2
DA:8,4
DA:9,4
DA:11,4
DA:12,4
DA:14,4
DA:15,2
DA:18,2
DA:21,4
DA:42,4
DA:45,12
DA:51,2
DA:59,2
LF:13
LH:13
BRF:0
BRH:0
end_of_record
TN:
SF:components/screens/progress-screen/ProgressScreen.tsx
FN:38,(anonymous_0)
FN:44,(anonymous_1)
FN:52,(anonymous_2)
FN:56,(anonymous_3)
FN:61,(anonymous_4)
FNF:5
FNH:2
FNDA:1,(anonymous_0)
FNDA:0,(anonymous_1)
FNDA:1,(anonymous_2)
FNDA:0,(anonymous_3)
FNDA:0,(anonymous_4)
DA:14,1
DA:38,1
DA:39,1
DA:44,1
DA:45,0
DA:50,1
DA:52,1
DA:53,1
DA:54,1
DA:56,1
DA:61,1
DA:62,0
DA:65,1
LF:13
LH:11
BRDA:68,0,0,0
BRDA:68,0,1,1
BRF:2
BRH:1
end_of_record
TN:
SF:components/screens/settings-screen/SettingsScreen.tsx
FN:4,(anonymous_0)
FNF:1
FNH:0
FNDA:0,(anonymous_0)
DA:4,1
DA:5,0
LF:2
LH:1
BRF:0
BRH:0
end_of_record
TN:
SF:components/screens/workout-screen/WorkoutScreen.tsx
FN:4,(anonymous_0)
FNF:1
FNH:0
FNDA:0,(anonymous_0)
DA:4,1
DA:5,0
LF:2
LH:1
BRF:0
BRH:0
end_of_record
TN:
SF:components/templates/index.ts
FNF:0
FNH:0
LF:0
LH:0
BRF:0
BRH:0
end_of_record
TN:
SF:components/templates/content/Content.tsx
FN:9,(anonymous_0)
FNF:1
FNH:1
FNDA:3,(anonymous_0)
DA:9,2
DA:10,3
DA:17,2
LF:3
LH:3
BRF:0
BRH:0
end_of_record
TN:
SF:components/templates/header/Header.tsx
FN:7,(anonymous_0)
FNF:1
FNH:0
FNDA:0,(anonymous_0)
DA:7,1
DA:8,0
DA:11,1
LF:3
LH:2
BRF:0
BRH:0
end_of_record
TN:
SF:hooks/useDatabaseQuery.ts
FN:4,(anonymous_0)
FN:8,(anonymous_1)
FN:9,(anonymous_2)
FNF:3
FNH:3
FNDA:1,(anonymous_0)
FNDA:1,(anonymous_1)
FNDA:1,(anonymous_2)
DA:4,1
DA:5,1
DA:6,1
DA:8,1
DA:9,1
DA:10,1
DA:13,1
DA:15,1
DA:16,0
DA:19,0
DA:22,0
DA:23,0
DA:25,0
DA:26,0
DA:30,1
DA:33,1
LF:16
LH:10
BRDA:13,0,0,1
BRDA:13,0,1,0
BRF:2
BRH:1
end_of_record
TN:
SF:utils/apiService.ts
FN:5,(anonymous_0)
FN:6,(anonymous_1)
FN:11,(anonymous_2)
FN:15,(anonymous_3)
FN:18,(anonymous_4)
FNF:5
FNH:2
FNDA:1,(anonymous_0)
FNDA:1,(anonymous_1)
FNDA:0,(anonymous_2)
FNDA:0,(anonymous_3)
FNDA:0,(anonymous_4)
DA:5,1
DA:6,1
DA:7,1
DA:9,1
DA:11,1
DA:12,0
DA:16,0
DA:19,0
DA:20,0
LF:9
LH:5
BRDA:9,0,0,0
BRDA:9,0,1,1
BRF:2
BRH:1
end_of_record
TN:
SF:utils/dbService.ts
FN:19,(anonymous_0)
FN:28,(anonymous_1)
FN:30,(anonymous_2)
FN:31,(anonymous_3)
FN:33,(anonymous_4)
FN:37,(anonymous_5)
FN:44,(anonymous_6)
FN:55,(anonymous_7)
FN:58,(anonymous_8)
FN:62,(anonymous_9)
FN:65,(anonymous_10)
FNF:11
FNH:2
FNDA:1,(anonymous_0)
FNDA:0,(anonymous_1)
FNDA:0,(anonymous_2)
FNDA:0,(anonymous_3)
FNDA:0,(anonymous_4)
FNDA:0,(anonymous_5)
FNDA:0,(anonymous_6)
FNDA:1,(anonymous_7)
FNDA:0,(anonymous_8)
FNDA:0,(anonymous_9)
FNDA:0,(anonymous_10)
DA:10,1
DA:16,1
DA:19,1
DA:20,1
DA:21,1
DA:22,1
DA:24,0
DA:28,1
DA:29,0
DA:30,0
DA:31,0
DA:33,0
DA:34,0
DA:39,0
DA:40,0
DA:45,0
DA:46,0
DA:55,1
DA:56,1
DA:58,1
DA:59,0
DA:63,0
DA:66,0
DA:67,0
LF:24
LH:10
BRDA:39,0,0,0
BRDA:39,0,1,0
BRF:2
BRH:0
end_of_record
